2020-09-25 21:37:53,442 - LSAssignment -ERROR - Unable to load logging property :
java.io.FileNotFoundException: log4j.properties (The system cannot find the file specified)
	at java.io.FileInputStream.open0(Native Method)
	at java.io.FileInputStream.open(Unknown Source)
	at java.io.FileInputStream.<init>(Unknown Source)
	at java.io.FileInputStream.<init>(Unknown Source)
	at com.LSAssignment.testCases.BaseClass.setUp(BaseClass.java:48)
	at sun.reflect.NativeMethodAccessorImpl.invoke0(Native Method)
	at sun.reflect.NativeMethodAccessorImpl.invoke(Unknown Source)
	at sun.reflect.DelegatingMethodAccessorImpl.invoke(Unknown Source)
	at java.lang.reflect.Method.invoke(Unknown Source)
	at org.testng.internal.MethodInvocationHelper.invokeMethod(MethodInvocationHelper.java:131)
	at org.testng.internal.MethodInvocationHelper.invokeMethodConsideringTimeout(MethodInvocationHelper.java:61)
	at org.testng.internal.Invoker.invokeConfigurationMethod(Invoker.java:511)
	at org.testng.internal.Invoker.invokeConfigurations(Invoker.java:241)
	at org.testng.internal.Invoker.invokeConfigurations(Invoker.java:144)
	at org.testng.internal.TestMethodWorker.invokeBeforeClassMethods(TestMethodWorker.java:173)
	at org.testng.internal.TestMethodWorker.run(TestMethodWorker.java:118)
	at org.testng.TestRunner.privateRun(TestRunner.java:739)
	at org.testng.TestRunner.run(TestRunner.java:589)
	at org.testng.SuiteRunner.runTest(SuiteRunner.java:398)
	at org.testng.SuiteRunner.runSequentially(SuiteRunner.java:392)
	at org.testng.SuiteRunner.privateRun(SuiteRunner.java:354)
	at org.testng.SuiteRunner.run(SuiteRunner.java:302)
	at org.testng.SuiteRunnerWorker.runSuite(SuiteRunnerWorker.java:53)
	at org.testng.SuiteRunnerWorker.run(SuiteRunnerWorker.java:96)
	at org.testng.TestNG.runSuitesSequentially(TestNG.java:1145)
	at org.testng.TestNG.runSuitesLocally(TestNG.java:1067)
	at org.testng.TestNG.runSuites(TestNG.java:997)
	at org.testng.TestNG.run(TestNG.java:965)
	at org.testng.remote.AbstractRemoteTestNG.run(AbstractRemoteTestNG.java:115)
	at org.testng.remote.RemoteTestNG.initAndRun(RemoteTestNG.java:251)
	at org.testng.remote.RemoteTestNG.main(RemoteTestNG.java:77)
2020-09-25 21:38:06,388 - LSAssignment -INFO - URL is opened!!
2020-09-25 21:38:14,342 - LSAssignment -INFO - Hover on SignIn Menu successful!!
2020-09-25 21:38:15,065 - LSAssignment -INFO - SignIn Link is not broken!!
2020-09-25 21:38:16,682 - LSAssignment -INFO - SignIn Link is perfectly up and running!!
2020-09-25 21:53:24,845 - LSAssignment -INFO - URL is opened!!
2020-09-25 21:53:31,595 - LSAssignment -INFO - Hover on SignIn Menu successful!!
2020-09-26 00:46:06,515 - com.LSAssignment.testCases.BaseClass -INFO - URL is opened!!
2020-09-26 00:46:08,981 - com.LSAssignment.testCases.BaseClass -INFO - Hover on SignIn Menu successful!!
2020-09-26 00:52:00,842 - com.LSAssignment.testCases.BaseClass -INFO - URL is opened!!
2020-09-26 00:52:06,322 - com.LSAssignment.testCases.BaseClass -INFO - Hover on SignIn Menu successful!!
2020-09-26 09:44:04,815 - com.LSAssignment.testCases.BaseClass -INFO - URL opened successfully!!
2020-09-26 09:44:10,157 - com.LSAssignment.testCases.BaseClass -INFO - Hover on SignIn Menu successful!!
2020-09-26 09:44:12,451 - com.LSAssignment.testCases.BaseClass -INFO - SignIn Link is not broken!!
2020-09-26 09:44:17,125 - com.LSAssignment.testCases.BaseClass -INFO - Link is up and running!!
2020-09-26 09:44:53,617 - com.LSAssignment.testCases.BaseClass -INFO - URL opened successfully!!
2020-09-26 09:44:53,626 - com.LSAssignment.testCases.BaseClass -INFO - Counter for Banner started successfully!!
2020-09-26 09:44:57,913 - com.LSAssignment.testCases.BaseClass -WARN - Test case failed due toorg.openqa.selenium.ElementNotInteractableException: element not interactable
  (Session info: chrome=85.0.4183.121)
Build info: version: '3.141.59', revision: 'e82be7d358', time: '2018-11-14T08:17:03'
System info: host: 'DESKTOP-F023JSH', ip: '192.168.0.103', os.name: 'Windows 10', os.arch: 'amd64', os.version: '10.0', java.version: '1.8.0_171'
Driver info: org.openqa.selenium.chrome.ChromeDriver
Capabilities {acceptInsecureCerts: false, browserName: chrome, browserVersion: 85.0.4183.121, chrome: {chromedriverVersion: 85.0.4183.87 (cd6713ebf92fa..., userDataDir: C:\Users\titun\AppData\Loca...}, goog:chromeOptions: {debuggerAddress: localhost:57555}, javascriptEnabled: true, networkConnectionEnabled: false, pageLoadStrategy: normal, platform: WINDOWS, platformName: WINDOWS, proxy: Proxy(), setWindowRect: true, strictFileInteractability: false, timeouts: {implicit: 0, pageLoad: 300000, script: 30000}, unhandledPromptBehavior: dismiss and notify, webauthn:virtualAuthenticators: true}
Session ID: 68975934953a00085686501ed421e03fException !!
2020-09-26 09:45:29,257 - com.LSAssignment.testCases.BaseClass -INFO - URL opened successfully!!
2020-09-26 09:45:31,160 - com.LSAssignment.testCases.BaseClass -INFO - Hover on the Sign-In Menu successful!!
2020-09-26 09:45:39,556 - com.LSAssignment.testCases.BaseClass -INFO - SignIn Link clicked successfully!!
2020-09-26 09:45:41,748 - com.LSAssignment.testCases.BaseClass -INFO - Email-Id fed successfully!!
2020-09-26 09:45:44,546 - com.LSAssignment.testCases.BaseClass -INFO - Clicked on continue button successfully!!
2020-09-26 09:45:44,994 - com.LSAssignment.testCases.BaseClass -INFO - Password fed successfully!!
2020-09-26 09:45:45,198 - com.LSAssignment.testCases.BaseClass -INFO - Remember Checkbox checked successfully!!
2020-09-26 09:45:45,833 - com.LSAssignment.testCases.BaseClass -INFO - Login button clicked successfully!!
2020-09-26 09:46:15,876 - com.LSAssignment.testCases.BaseClass -WARN - Test case failed due tojunit.framework.ComparisonFailure: expected:<Online Shopping site in India: Shop Online for Mobiles, Books, Watches, Shoes and More - Amazon.i...> but was:<Amazo...>Exception !!
2020-09-26 09:46:40,111 - com.LSAssignment.testCases.BaseClass -INFO - URL opened successfully!!
2020-09-26 09:46:41,779 - com.LSAssignment.testCases.BaseClass -INFO - Successfully clicked on the Pincode Menu!!
2020-09-26 09:46:47,096 - com.LSAssignment.testCases.BaseClass -INFO - Pincode fed successfully!!
2020-09-26 09:46:48,013 - com.LSAssignment.testCases.BaseClass -INFO - Click on Apply Link successful!!
2020-09-26 10:37:20,273 - com.LSAssignment.testCases.BaseClass -INFO - URL opened successfully!!
2020-09-26 10:37:24,916 - com.LSAssignment.testCases.BaseClass -INFO - Hover on SignIn Menu successful!!
2020-09-26 10:37:28,797 - com.LSAssignment.testCases.BaseClass -INFO - SignIn Link is not broken!!
2020-09-26 10:37:32,300 - com.LSAssignment.testCases.BaseClass -INFO - Link is up and running!!
2020-09-26 10:38:01,285 - com.LSAssignment.testCases.BaseClass -INFO - URL opened successfully!!
2020-09-26 10:38:01,289 - com.LSAssignment.testCases.BaseClass -INFO - Counter for Banner started successfully!!
2020-09-26 10:38:05,397 - com.LSAssignment.testCases.BaseClass -WARN - Test case failed due toorg.openqa.selenium.ElementNotInteractableException: element not interactable
  (Session info: chrome=85.0.4183.121)
Build info: version: '3.141.59', revision: 'e82be7d358', time: '2018-11-14T08:17:03'
System info: host: 'DESKTOP-F023JSH', ip: '192.168.0.103', os.name: 'Windows 10', os.arch: 'amd64', os.version: '10.0', java.version: '1.8.0_171'
Driver info: org.openqa.selenium.chrome.ChromeDriver
Capabilities {acceptInsecureCerts: false, browserName: chrome, browserVersion: 85.0.4183.121, chrome: {chromedriverVersion: 85.0.4183.87 (cd6713ebf92fa..., userDataDir: C:\Users\titun\AppData\Loca...}, goog:chromeOptions: {debuggerAddress: localhost:58122}, javascriptEnabled: true, networkConnectionEnabled: false, pageLoadStrategy: normal, platform: WINDOWS, platformName: WINDOWS, proxy: Proxy(), setWindowRect: true, strictFileInteractability: false, timeouts: {implicit: 0, pageLoad: 300000, script: 30000}, unhandledPromptBehavior: dismiss and notify, webauthn:virtualAuthenticators: true}
Session ID: c0e60ac87f298de98f360307de7bf677Exception !!
2020-09-26 10:38:33,595 - com.LSAssignment.testCases.BaseClass -INFO - URL opened successfully!!
2020-09-26 10:38:35,251 - com.LSAssignment.testCases.BaseClass -INFO - Hover on the Sign-In Menu successful!!
2020-09-26 10:38:41,869 - com.LSAssignment.testCases.BaseClass -INFO - SignIn Link clicked successfully!!
2020-09-26 10:38:44,039 - com.LSAssignment.testCases.BaseClass -INFO - Email-Id fed successfully!!
2020-09-26 10:38:46,463 - com.LSAssignment.testCases.BaseClass -INFO - Clicked on continue button successfully!!
2020-09-26 10:38:46,975 - com.LSAssignment.testCases.BaseClass -INFO - Password fed successfully!!
2020-09-26 10:38:47,226 - com.LSAssignment.testCases.BaseClass -INFO - Remember Checkbox checked successfully!!
2020-09-26 10:38:47,715 - com.LSAssignment.testCases.BaseClass -INFO - Login button clicked successfully!!
2020-09-26 10:39:26,179 - com.LSAssignment.testCases.BaseClass -INFO - Login to Amazon successful!!
2020-09-26 10:39:51,388 - com.LSAssignment.testCases.BaseClass -INFO - URL opened successfully!!
2020-09-26 10:39:54,196 - com.LSAssignment.testCases.BaseClass -INFO - Successfully clicked on the Pincode Menu!!
2020-09-26 10:39:57,834 - com.LSAssignment.testCases.BaseClass -INFO - Pincode fed successfully!!
2020-09-26 10:39:58,650 - com.LSAssignment.testCases.BaseClass -INFO - Click on Apply Link successful!!
2020-09-26 10:44:49,975 - com.LSAssignment.testCases.BaseClass -INFO - URL opened successfully!!
2020-09-26 10:44:51,342 - com.LSAssignment.testCases.BaseClass -INFO - Hover on SignIn Menu successful!!
2020-09-26 10:44:52,057 - com.LSAssignment.testCases.BaseClass -INFO - SignIn Link is not broken!!
2020-09-26 10:44:54,270 - com.LSAssignment.testCases.BaseClass -INFO - Link is up and running!!
2020-09-26 10:45:14,153 - com.LSAssignment.testCases.BaseClass -INFO - URL opened successfully!!
2020-09-26 10:45:14,157 - com.LSAssignment.testCases.BaseClass -INFO - Counter for Banner started successfully!!
2020-09-26 10:45:17,398 - com.LSAssignment.testCases.BaseClass -WARN - Test case failed due toorg.openqa.selenium.ElementNotInteractableException: element not interactable
  (Session info: chrome=85.0.4183.121)
Build info: version: '3.141.59', revision: 'e82be7d358', time: '2018-11-14T08:17:03'
System info: host: 'DESKTOP-F023JSH', ip: '192.168.0.103', os.name: 'Windows 10', os.arch: 'amd64', os.version: '10.0', java.version: '1.8.0_171'
Driver info: org.openqa.selenium.chrome.ChromeDriver
Capabilities {acceptInsecureCerts: false, browserName: chrome, browserVersion: 85.0.4183.121, chrome: {chromedriverVersion: 85.0.4183.87 (cd6713ebf92fa..., userDataDir: C:\Users\titun\AppData\Loca...}, goog:chromeOptions: {debuggerAddress: localhost:58470}, javascriptEnabled: true, networkConnectionEnabled: false, pageLoadStrategy: normal, platform: WINDOWS, platformName: WINDOWS, proxy: Proxy(), setWindowRect: true, strictFileInteractability: false, timeouts: {implicit: 0, pageLoad: 300000, script: 30000}, unhandledPromptBehavior: dismiss and notify, webauthn:virtualAuthenticators: true}
Session ID: 69eddd06c057ff3dadfcbb108f9a9569Exception !!
2020-09-26 10:45:38,529 - com.LSAssignment.testCases.BaseClass -INFO - URL opened successfully!!
2020-09-26 10:45:41,195 - com.LSAssignment.testCases.BaseClass -INFO - Hover on the Sign-In Menu successful!!
2020-09-26 10:45:46,144 - com.LSAssignment.testCases.BaseClass -INFO - SignIn Link clicked successfully!!
2020-09-26 10:45:48,051 - com.LSAssignment.testCases.BaseClass -INFO - Email-Id fed successfully!!
2020-09-26 10:45:50,114 - com.LSAssignment.testCases.BaseClass -INFO - Clicked on continue button successfully!!
2020-09-26 10:45:50,500 - com.LSAssignment.testCases.BaseClass -INFO - Password fed successfully!!
2020-09-26 10:45:50,885 - com.LSAssignment.testCases.BaseClass -INFO - Remember Checkbox checked successfully!!
2020-09-26 10:45:51,596 - com.LSAssignment.testCases.BaseClass -INFO - Login button clicked successfully!!
2020-09-26 10:46:51,652 - com.LSAssignment.testCases.BaseClass -INFO - Login to Amazon successful!!
2020-09-26 10:47:14,607 - com.LSAssignment.testCases.BaseClass -INFO - URL opened successfully!!
2020-09-26 10:47:16,039 - com.LSAssignment.testCases.BaseClass -INFO - Successfully clicked on the Pincode Menu!!
2020-09-26 10:47:20,684 - com.LSAssignment.testCases.BaseClass -INFO - Pincode fed successfully!!
2020-09-26 10:47:22,090 - com.LSAssignment.testCases.BaseClass -INFO - Click on Apply Link successful!!
2020-09-26 10:51:22,796 - com.LSAssignment.testCases.BaseClass -INFO - URL opened successfully!!
2020-09-26 10:51:23,839 - com.LSAssignment.testCases.BaseClass -INFO - Hover on SignIn Menu successful!!
2020-09-26 10:51:24,963 - com.LSAssignment.testCases.BaseClass -INFO - SignIn Link is not broken!!
2020-09-26 10:51:28,329 - com.LSAssignment.testCases.BaseClass -INFO - Link is up and running!!
2020-09-26 10:51:49,502 - com.LSAssignment.testCases.BaseClass -INFO - URL opened successfully!!
2020-09-26 10:51:49,506 - com.LSAssignment.testCases.BaseClass -INFO - Counter for Banner started successfully!!
2020-09-26 10:51:53,129 - com.LSAssignment.testCases.BaseClass -WARN - Test case failed due toorg.openqa.selenium.ElementNotInteractableException: element not interactable
  (Session info: chrome=85.0.4183.121)
Build info: version: '3.141.59', revision: 'e82be7d358', time: '2018-11-14T08:17:03'
System info: host: 'DESKTOP-F023JSH', ip: '192.168.0.103', os.name: 'Windows 10', os.arch: 'amd64', os.version: '10.0', java.version: '1.8.0_171'
Driver info: org.openqa.selenium.chrome.ChromeDriver
Capabilities {acceptInsecureCerts: false, browserName: chrome, browserVersion: 85.0.4183.121, chrome: {chromedriverVersion: 85.0.4183.87 (cd6713ebf92fa..., userDataDir: C:\Users\titun\AppData\Loca...}, goog:chromeOptions: {debuggerAddress: localhost:58833}, javascriptEnabled: true, networkConnectionEnabled: false, pageLoadStrategy: normal, platform: WINDOWS, platformName: WINDOWS, proxy: Proxy(), setWindowRect: true, strictFileInteractability: false, timeouts: {implicit: 0, pageLoad: 300000, script: 30000}, unhandledPromptBehavior: dismiss and notify, webauthn:virtualAuthenticators: true}
Session ID: 6e4e9fd71da3dfcfc0b89d8a10cb0947Exception !!
2020-09-26 10:52:12,541 - com.LSAssignment.testCases.BaseClass -INFO - URL opened successfully!!
2020-09-26 10:52:13,755 - com.LSAssignment.testCases.BaseClass -INFO - Hover on the Sign-In Menu successful!!
2020-09-26 10:52:15,632 - com.LSAssignment.testCases.BaseClass -INFO - SignIn Link clicked successfully!!
2020-09-26 10:52:19,395 - com.LSAssignment.testCases.BaseClass -INFO - Email-Id fed successfully!!
2020-09-26 10:52:22,008 - com.LSAssignment.testCases.BaseClass -INFO - Clicked on continue button successfully!!
2020-09-26 10:52:22,555 - com.LSAssignment.testCases.BaseClass -INFO - Password fed successfully!!
2020-09-26 10:52:22,950 - com.LSAssignment.testCases.BaseClass -INFO - Remember Checkbox checked successfully!!
2020-09-26 10:52:23,488 - com.LSAssignment.testCases.BaseClass -INFO - Login button clicked successfully!!
2020-09-26 10:53:23,551 - com.LSAssignment.testCases.BaseClass -WARN - Test case failed due tojunit.framework.ComparisonFailure: expected:<Online Shopping site in India: Shop Online for Mobiles, Books, Watches, Shoes and More - Amazon.i...> but was:<Amazo...>Exception !!
2020-09-26 10:53:42,595 - com.LSAssignment.testCases.BaseClass -INFO - URL opened successfully!!
2020-09-26 10:53:45,479 - com.LSAssignment.testCases.BaseClass -INFO - Successfully clicked on the Pincode Menu!!
2020-09-26 10:53:49,542 - com.LSAssignment.testCases.BaseClass -INFO - Pincode fed successfully!!
2020-09-26 10:53:50,022 - com.LSAssignment.testCases.BaseClass -INFO - Click on Apply Link successful!!
2020-09-26 10:58:50,201 - com.LSAssignment.testCases.BaseClass -INFO - URL opened successfully!!
2020-09-26 10:58:58,773 - com.LSAssignment.testCases.BaseClass -INFO - Hover on SignIn Menu successful!!
2020-09-26 10:59:01,587 - com.LSAssignment.testCases.BaseClass -INFO - SignIn Link is not broken!!
2020-09-26 10:59:05,284 - com.LSAssignment.testCases.BaseClass -INFO - Link is up and running!!
2020-09-26 10:59:36,948 - com.LSAssignment.testCases.BaseClass -INFO - URL opened successfully!!
2020-09-26 10:59:36,955 - com.LSAssignment.testCases.BaseClass -INFO - Counter for Banner started successfully!!
2020-09-26 11:00:11,422 - com.LSAssignment.testCases.BaseClass -INFO - URL opened successfully!!
2020-09-26 11:00:16,305 - com.LSAssignment.testCases.BaseClass -INFO - Hover on the Sign-In Menu successful!!
2020-09-26 11:00:26,338 - com.LSAssignment.testCases.BaseClass -INFO - SignIn Link clicked successfully!!
2020-09-26 11:00:28,980 - com.LSAssignment.testCases.BaseClass -INFO - Email-Id fed successfully!!
2020-09-26 11:00:31,976 - com.LSAssignment.testCases.BaseClass -INFO - Clicked on continue button successfully!!
2020-09-26 11:00:32,891 - com.LSAssignment.testCases.BaseClass -INFO - Password fed successfully!!
2020-09-26 11:00:33,210 - com.LSAssignment.testCases.BaseClass -INFO - Remember Checkbox checked successfully!!
2020-09-26 11:00:34,132 - com.LSAssignment.testCases.BaseClass -INFO - Login button clicked successfully!!
2020-09-26 11:01:34,168 - com.LSAssignment.testCases.BaseClass -WARN - Test case failed due tojunit.framework.ComparisonFailure: expected:<Online Shopping site in India: Shop Online for Mobiles, Books, Watches, Shoes and More - Amazon.i...> but was:<Amazo...>Exception !!
2020-09-26 11:02:01,057 - com.LSAssignment.testCases.BaseClass -INFO - URL opened successfully!!
2020-09-26 11:02:09,907 - com.LSAssignment.testCases.BaseClass -INFO - Successfully clicked on the Pincode Menu!!
2020-09-26 11:02:14,312 - com.LSAssignment.testCases.BaseClass -INFO - Pincode fed successfully!!
2020-09-26 11:02:15,764 - com.LSAssignment.testCases.BaseClass -INFO - Click on Apply Link successful!!
2020-09-26 11:04:05,588 - com.LSAssignment.testCases.BaseClass -INFO - URL opened successfully!!
2020-09-26 11:04:10,653 - com.LSAssignment.testCases.BaseClass -INFO - Hover on SignIn Menu successful!!
2020-09-26 11:04:12,688 - com.LSAssignment.testCases.BaseClass -INFO - SignIn Link is not broken!!
2020-09-26 11:04:14,796 - com.LSAssignment.testCases.BaseClass -INFO - Link is up and running!!
2020-09-26 11:04:44,897 - com.LSAssignment.testCases.BaseClass -INFO - URL opened successfully!!
2020-09-26 11:04:44,906 - com.LSAssignment.testCases.BaseClass -INFO - Counter for Banner started successfully!!
2020-09-26 11:05:23,591 - com.LSAssignment.testCases.BaseClass -INFO - URL opened successfully!!
2020-09-26 11:05:28,525 - com.LSAssignment.testCases.BaseClass -INFO - Hover on the Sign-In Menu successful!!
2020-09-26 11:05:33,262 - com.LSAssignment.testCases.BaseClass -INFO - SignIn Link clicked successfully!!
2020-09-26 11:05:39,080 - com.LSAssignment.testCases.BaseClass -INFO - Email-Id fed successfully!!
2020-09-26 11:05:42,557 - com.LSAssignment.testCases.BaseClass -INFO - Clicked on continue button successfully!!
2020-09-26 11:05:43,315 - com.LSAssignment.testCases.BaseClass -INFO - Password fed successfully!!
2020-09-26 11:05:44,140 - com.LSAssignment.testCases.BaseClass -INFO - Remember Checkbox checked successfully!!
2020-09-26 11:05:45,296 - com.LSAssignment.testCases.BaseClass -INFO - Login button clicked successfully!!
2020-09-26 11:06:45,450 - com.LSAssignment.testCases.BaseClass -INFO - Login to Amazon successful!!
2020-09-26 11:07:13,531 - com.LSAssignment.testCases.BaseClass -INFO - URL opened successfully!!
2020-09-26 11:07:23,231 - com.LSAssignment.testCases.BaseClass -INFO - Successfully clicked on the Pincode Menu!!
2020-09-26 11:07:26,409 - com.LSAssignment.testCases.BaseClass -INFO - Pincode fed successfully!!
2020-09-26 11:07:27,564 - com.LSAssignment.testCases.BaseClass -INFO - Click on Apply Link successful!!
2020-09-26 11:07:37,030 - com.LSAssignment.testCases.BaseClass -INFO - PinCode changed successfully!!
